{"sessionId": "cdc3df", "runId": "initial", "hypothesisId": "H4", "location": "s19_app/tui/app.py:_handle_load_dialog", "message": "Entered load dialog callback", "data": {"path_is_none": false, "path": "C:\\Users\\jjgh8\\OneDrive\\Documents\\Github\\s19_app\\examples\\ASAP2_Demo_V171.a2l"}, "timestamp": 1776113683383}
{"sessionId": "cdc3df", "runId": "initial", "hypothesisId": "H4", "location": "s19_app/tui/app.py:_load_path_from_user_input", "message": "Resolved path for load", "data": {"input_path": "C:\\Users\\jjgh8\\OneDrive\\Documents\\Github\\s19_app\\examples\\ASAP2_Demo_V171.a2l", "resolved_path": "C:\\Users\\jjgh8\\OneDrive\\Documents\\Github\\s19_app\\examples\\ASAP2_Demo_V171.a2l", "suffix": ".a2l"}, "timestamp": 1776113683384}
{"sessionId": "cdc3df", "runId": "initial", "hypothesisId": "H1", "location": "s19_app/tui/app.py:load_a2l_from_path", "message": "A2L parse stage complete", "data": {"path": "C:\\Users\\jjgh8\\OneDrive\\Documents\\Github\\s19_app\\.s19tool\\workarea\\temp\\ASAP2_Demo_V171_19.a2l", "size_bytes": 247667, "parse_elapsed_seconds": 0.017, "tag_count": 118, "section_count": 1}, "timestamp": 1776113683405}
{"sessionId": "cdc3df", "runId": "initial", "hypothesisId": "H1", "location": "s19_app/tui/app.py:load_a2l_from_path", "message": "Entering update_a2l_view", "data": {"tag_count": 118}, "timestamp": 1776113683406}
{"sessionId": "cdc3df", "runId": "initial", "hypothesisId": "H3", "location": "s19_app/tui/app.py:update_a2l_tags_view", "message": "Entered update_a2l_tags_view", "data": {"incoming_tag_count": 118}, "timestamp": 1776113683406}
{"sessionId": "cdc3df", "runId": "initial", "hypothesisId": "H3", "location": "s19_app/tui/app.py:update_a2l_tags_view", "message": "Finished update_a2l_tags_view", "data": {"rendered_tag_rows": 118, "total_rows": 118, "start": 0, "end": 118}, "timestamp": 1776113683479}
{"sessionId": "cdc3df", "runId": "initial", "hypothesisId": "H1", "location": "s19_app/tui/app.py:load_a2l_from_path", "message": "Finished update_a2l_view", "data": {"view_elapsed_seconds": 0.075}, "timestamp": 1776113683481}
{"sessionId": "cdc3df", "runId": "initial", "hypothesisId": "H5", "location": "s19_app/tui/app.py:load_a2l_from_path", "message": "A2L load function reached completion", "data": {"path": "C:\\Users\\jjgh8\\OneDrive\\Documents\\Github\\s19_app\\.s19tool\\workarea\\temp\\ASAP2_Demo_V171_19.a2l"}, "timestamp": 1776113683481}
{"sessionId": "cdc3df", "runId": "initial", "hypothesisId": "H4", "location": "s19_app/tui/app.py:_load_path_from_user_input", "message": "Returned from load_a2l_from_path", "data": {"resolved_path": "C:\\Users\\jjgh8\\OneDrive\\Documents\\Github\\s19_app\\examples\\ASAP2_Demo_V171.a2l"}, "timestamp": 1776113683482}
{"sessionId": "cdc3df", "runId": "initial", "hypothesisId": "H4", "location": "s19_app/tui/app.py:_handle_load_dialog", "message": "Completed load dialog callback", "data": {"path": "C:\\Users\\jjgh8\\OneDrive\\Documents\\Github\\s19_app\\examples\\ASAP2_Demo_V171.a2l"}, "timestamp": 1776113683482}
{"sessionId": "cdc3df", "runId": "initial", "hypothesisId": "H4", "location": "s19_app/tui/app.py:_handle_load_dialog", "message": "Entered load dialog callback", "data": {"path_is_none": false, "path": "C:\\Users\\jjgh8\\OneDrive\\Documents\\Github\\s19_app\\examples\\prg.s19"}, "timestamp": 1776113704127}
{"sessionId": "cdc3df", "runId": "initial", "hypothesisId": "H4", "location": "s19_app/tui/app.py:_load_path_from_user_input", "message": "Resolved path for load", "data": {"input_path": "C:\\Users\\jjgh8\\OneDrive\\Documents\\Github\\s19_app\\examples\\prg.s19", "resolved_path": "C:\\Users\\jjgh8\\OneDrive\\Documents\\Github\\s19_app\\examples\\prg.s19", "suffix": ".s19"}, "timestamp": 1776113704128}
{"sessionId": "cdc3df", "runId": "initial", "hypothesisId": "H3", "location": "s19_app/tui/app.py:update_a2l_tags_view", "message": "Entered update_a2l_tags_view", "data": {"incoming_tag_count": 118}, "timestamp": 1776113704174}
{"sessionId": "cdc3df", "runId": "initial", "hypothesisId": "H3", "location": "s19_app/tui/app.py:update_a2l_tags_view", "message": "Finished update_a2l_tags_view", "data": {"rendered_tag_rows": 118, "total_rows": 118, "start": 0, "end": 118}, "timestamp": 1776113704261}
{"sessionId": "cdc3df", "runId": "initial", "hypothesisId": "H4", "location": "s19_app/tui/app.py:_handle_load_dialog", "message": "Completed load dialog callback", "data": {"path": "C:\\Users\\jjgh8\\OneDrive\\Documents\\Github\\s19_app\\examples\\prg.s19"}, "timestamp": 1776113704263}
{"sessionId": "cdc3df", "runId": "initial", "hypothesisId": "H4", "location": "s19_app/tui/app.py:_handle_load_dialog", "message": "Entered load dialog callback", "data": {"path_is_none": false, "path": "C:\\Users\\jjgh8\\OneDrive\\Documents\\Github\\s19_app\\examples\\case_06_large_nested_a2l\\firmware.s19"}, "timestamp": 1776117912075}
{"sessionId": "cdc3df", "runId": "initial", "hypothesisId": "H4", "location": "s19_app/tui/app.py:_load_path_from_user_input", "message": "Resolved path for load", "data": {"input_path": "C:\\Users\\jjgh8\\OneDrive\\Documents\\Github\\s19_app\\examples\\case_06_large_nested_a2l\\firmware.s19", "resolved_path": "C:\\Users\\jjgh8\\OneDrive\\Documents\\Github\\s19_app\\examples\\case_06_large_nested_a2l\\firmware.s19", "suffix": ".s19"}, "timestamp": 1776117912076}
{"sessionId": "cdc3df", "runId": "initial", "hypothesisId": "H3", "location": "s19_app/tui/app.py:update_a2l_tags_view", "message": "Entered update_a2l_tags_view", "data": {"incoming_tag_count": 0}, "timestamp": 1776117912090}
{"sessionId": "cdc3df", "runId": "initial", "hypothesisId": "H4", "location": "s19_app/tui/app.py:_handle_load_dialog", "message": "Completed load dialog callback", "data": {"path": "C:\\Users\\jjgh8\\OneDrive\\Documents\\Github\\s19_app\\examples\\case_06_large_nested_a2l\\firmware.s19"}, "timestamp": 1776117912093}
{"sessionId": "cdc3df", "runId": "initial", "hypothesisId": "H4", "location": "s19_app/tui/app.py:_handle_load_dialog", "message": "Entered load dialog callback", "data": {"path_is_none": false, "path": "C:\\Users\\jjgh8\\OneDrive\\Documents\\Github\\s19_app\\examples\\case_06_large_nested_a2l\\firmware.a2l"}, "timestamp": 1776117950645}
{"sessionId": "cdc3df", "runId": "initial", "hypothesisId": "H4", "location": "s19_app/tui/app.py:_load_path_from_user_input", "message": "Resolved path for load", "data": {"input_path": "C:\\Users\\jjgh8\\OneDrive\\Documents\\Github\\s19_app\\examples\\case_06_large_nested_a2l\\firmware.a2l", "resolved_path": "C:\\Users\\jjgh8\\OneDrive\\Documents\\Github\\s19_app\\examples\\case_06_large_nested_a2l\\firmware.a2l", "suffix": ".a2l"}, "timestamp": 1776117950646}
{"sessionId": "cdc3df", "runId": "initial", "hypothesisId": "H1", "location": "s19_app/tui/app.py:load_a2l_from_path", "message": "A2L parse stage complete", "data": {"path": "C:\\Users\\jjgh8\\OneDrive\\Documents\\Github\\s19_app\\.s19tool\\workarea\\temp\\firmware.a2l", "size_bytes": 36702962, "parse_elapsed_seconds": 3.91, "tag_count": 220040, "section_count": 1}, "timestamp": 1776117954566}
{"sessionId": "cdc3df", "runId": "initial", "hypothesisId": "H1", "location": "s19_app/tui/app.py:load_a2l_from_path", "message": "Entering update_a2l_view", "data": {"tag_count": 220040}, "timestamp": 1776117954568}
{"sessionId": "cdc3df", "runId": "initial", "hypothesisId": "H3", "location": "s19_app/tui/app.py:update_a2l_tags_view", "message": "Entered update_a2l_tags_view", "data": {"incoming_tag_count": 220040}, "timestamp": 1776117956053}
{"sessionId": "cdc3df", "runId": "initial", "hypothesisId": "H3", "location": "s19_app/tui/app.py:update_a2l_tags_view", "message": "Finished update_a2l_tags_view", "data": {"rendered_tag_rows": 300, "total_rows": 220040, "start": 0, "end": 300}, "timestamp": 1776117956241}
{"sessionId": "cdc3df", "runId": "initial", "hypothesisId": "H1", "location": "s19_app/tui/app.py:load_a2l_from_path", "message": "Finished update_a2l_view", "data": {"view_elapsed_seconds": 1.674}, "timestamp": 1776117956242}
{"sessionId": "cdc3df", "runId": "initial", "hypothesisId": "H5", "location": "s19_app/tui/app.py:load_a2l_from_path", "message": "A2L load function reached completion", "data": {"path": "C:\\Users\\jjgh8\\OneDrive\\Documents\\Github\\s19_app\\.s19tool\\workarea\\temp\\firmware.a2l"}, "timestamp": 1776117956243}
{"sessionId": "cdc3df", "runId": "initial", "hypothesisId": "H4", "location": "s19_app/tui/app.py:_load_path_from_user_input", "message": "Returned from load_a2l_from_path", "data": {"resolved_path": "C:\\Users\\jjgh8\\OneDrive\\Documents\\Github\\s19_app\\examples\\case_06_large_nested_a2l\\firmware.a2l"}, "timestamp": 1776117956244}
{"sessionId": "cdc3df", "runId": "initial", "hypothesisId": "H4", "location": "s19_app/tui/app.py:_handle_load_dialog", "message": "Completed load dialog callback", "data": {"path": "C:\\Users\\jjgh8\\OneDrive\\Documents\\Github\\s19_app\\examples\\case_06_large_nested_a2l\\firmware.a2l"}, "timestamp": 1776117956244}
{"sessionId": "cdc3df", "runId": "initial", "hypothesisId": "H3", "location": "s19_app/tui/app.py:update_a2l_tags_view", "message": "Entered update_a2l_tags_view", "data": {"incoming_tag_count": 220040}, "timestamp": 1776117988240}
{"sessionId": "cdc3df", "runId": "initial", "hypothesisId": "H3", "location": "s19_app/tui/app.py:update_a2l_tags_view", "message": "Finished update_a2l_tags_view", "data": {"rendered_tag_rows": 300, "total_rows": 220040, "start": 68, "end": 368}, "timestamp": 1776117988726}
{"sessionId": "cdc3df", "runId": "initial", "hypothesisId": "H3", "location": "s19_app/tui/app.py:update_a2l_tags_view", "message": "Entered update_a2l_tags_view", "data": {"incoming_tag_count": 220040}, "timestamp": 1776118002780}
{"sessionId": "cdc3df", "runId": "initial", "hypothesisId": "H3", "location": "s19_app/tui/app.py:update_a2l_tags_view", "message": "Finished update_a2l_tags_view", "data": {"rendered_tag_rows": 300, "total_rows": 220040, "start": 142, "end": 442}, "timestamp": 1776118003008}
{"sessionId": "cdc3df", "runId": "initial", "hypothesisId": "H3", "location": "s19_app/tui/app.py:update_a2l_tags_view", "message": "Entered update_a2l_tags_view", "data": {"incoming_tag_count": 220040}, "timestamp": 1776118102456}
{"sessionId": "cdc3df", "runId": "initial", "hypothesisId": "H3", "location": "s19_app/tui/app.py:update_a2l_tags_view", "message": "Finished update_a2l_tags_view", "data": {"rendered_tag_rows": 300, "total_rows": 220040, "start": 67, "end": 367}, "timestamp": 1776118102672}
{"sessionId": "cdc3df", "runId": "initial", "hypothesisId": "H3", "location": "s19_app/tui/app.py:update_a2l_tags_view", "message": "Entered update_a2l_tags_view", "data": {"incoming_tag_count": 220040}, "timestamp": 1776118104139}
{"sessionId": "cdc3df", "runId": "initial", "hypothesisId": "H3", "location": "s19_app/tui/app.py:update_a2l_tags_view", "message": "Finished update_a2l_tags_view", "data": {"rendered_tag_rows": 300, "total_rows": 220040, "start": 0, "end": 300}, "timestamp": 1776118104700}
{"sessionId": "cdc3df", "runId": "initial", "hypothesisId": "H3", "location": "s19_app/tui/app.py:update_a2l_tags_view", "message": "Entered update_a2l_tags_view", "data": {"incoming_tag_count": 220040}, "timestamp": 1776118138306}
{"sessionId": "cdc3df", "runId": "initial", "hypothesisId": "H3", "location": "s19_app/tui/app.py:update_a2l_tags_view", "message": "Finished update_a2l_tags_view", "data": {"rendered_tag_rows": 300, "total_rows": 220040, "start": 65, "end": 365}, "timestamp": 1776118138839}
{"sessionId": "cdc3df", "runId": "initial", "hypothesisId": "H3", "location": "s19_app/tui/app.py:update_a2l_tags_view", "message": "Entered update_a2l_tags_view", "data": {"incoming_tag_count": 220040}, "timestamp": 1776118144521}
{"sessionId": "cdc3df", "runId": "initial", "hypothesisId": "H3", "location": "s19_app/tui/app.py:update_a2l_tags_view", "message": "Finished update_a2l_tags_view", "data": {"rendered_tag_rows": 300, "total_rows": 220040, "start": 133, "end": 433}, "timestamp": 1776118144757}
{"sessionId": "cdc3df", "runId": "initial", "hypothesisId": "H3", "location": "s19_app/tui/app.py:update_a2l_tags_view", "message": "Entered update_a2l_tags_view", "data": {"incoming_tag_count": 220040}, "timestamp": 1776118218745}
{"sessionId": "cdc3df", "runId": "initial", "hypothesisId": "H3", "location": "s19_app/tui/app.py:update_a2l_tags_view", "message": "Finished update_a2l_tags_view", "data": {"rendered_tag_rows": 300, "total_rows": 220040, "start": 168, "end": 468}, "timestamp": 1776118218981}
{"sessionId": "cdc3df", "runId": "initial", "hypothesisId": "H3", "location": "s19_app/tui/app.py:update_a2l_tags_view", "message": "Entered update_a2l_tags_view", "data": {"incoming_tag_count": 220040}, "timestamp": 1776129075876}
{"sessionId": "cdc3df", "runId": "initial", "hypothesisId": "H3", "location": "s19_app/tui/app.py:update_a2l_tags_view", "message": "Finished update_a2l_tags_view", "data": {"rendered_tag_rows": 300, "total_rows": 220040, "start": 229, "end": 529}, "timestamp": 1776129076588}
{"sessionId": "cdc3df", "runId": "initial", "hypothesisId": "H3", "location": "s19_app/tui/app.py:update_a2l_tags_view", "message": "Entered update_a2l_tags_view", "data": {"incoming_tag_count": 220040}, "timestamp": 1776129077563}
{"sessionId": "cdc3df", "runId": "initial", "hypothesisId": "H3", "location": "s19_app/tui/app.py:update_a2l_tags_view", "message": "Finished update_a2l_tags_view", "data": {"rendered_tag_rows": 300, "total_rows": 220040, "start": 291, "end": 591}, "timestamp": 1776129077957}
